  Lab 2-3.cpp
D:\MinsuJung CS& 131 Labs\Lab 2-3\Lab 2-3\Lab 2-3.cpp(10,24): error C2059: syntax error: ';'
D:\MinsuJung CS& 131 Labs\Lab 2-3\Lab 2-3\Lab 2-3.cpp(14,1): error C2059: syntax error: '}'
D:\MinsuJung CS& 131 Labs\Lab 2-3\Lab 2-3\Lab 2-3.cpp(14,1): error C2143: syntax error: missing ';' before '}'
